This file contains any messages produced by compilers while
running configure, to aid debugging if configure makes a mistake.

It was created by OpenFst configure 1.4.1, which was
generated by GNU Autoconf 2.68.  Invocation command line was

  $ ./configure --enable-far

## --------- ##
## Platform. ##
## --------- ##

hostname = ubuntugnomepc
uname -m = x86_64
uname -r = 3.19.0-21-generic
uname -s = Linux
uname -v = #21-Ubuntu SMP Sun Jun 14 18:31:11 UTC 2015

/usr/bin/uname -p = unknown
/bin/uname -X     = unknown

/bin/arch              = unknown
/usr/bin/arch -k       = unknown
/usr/convex/getsysinfo = unknown
/usr/bin/hostinfo      = unknown
/bin/machine           = unknown
/usr/bin/oslevel       = unknown
/bin/universe          = unknown

PATH: /usr/local/sbin
PATH: /usr/local/bin
PATH: /usr/sbin
PATH: /usr/bin
PATH: /sbin
PATH: /bin
PATH: /usr/games
PATH: /usr/local/games


## ----------- ##
## Core tests. ##
## ----------- ##

configure:2302: checking for a BSD-compatible install
configure:2370: result: /usr/bin/install -c
configure:2381: checking whether build environment is sane
configure:2431: result: yes
configure:2572: checking for a thread-safe mkdir -p
configure:2611: result: /bin/mkdir -p
configure:2624: checking for gawk
configure:2640: found /usr/bin/gawk
configure:2651: result: gawk
configure:2662: checking whether make sets $(MAKE)
configure:2684: result: yes
configure:2825: checking for g++
configure:2841: found /usr/bin/g++
configure:2852: result: g++
configure:2879: checking for C++ compiler version
configure:2888: g++ --version >&5
g++ (Ubuntu 4.9.2-10ubuntu13) 4.9.2
Copyright (C) 2014 Free Software Foundation, Inc.
This is free software; see the source for copying conditions.  There is NO
warranty; not even for MERCHANTABILITY or FITNESS FOR A PARTICULAR PURPOSE.

configure:2899: $? = 0
configure:2888: g++ -v >&5
Using built-in specs.
COLLECT_GCC=g++
COLLECT_LTO_WRAPPER=/usr/lib/gcc/x86_64-linux-gnu/4.9/lto-wrapper
Target: x86_64-linux-gnu
Configured with: ../src/configure -v --with-pkgversion='Ubuntu 4.9.2-10ubuntu13' --with-bugurl=file:///usr/share/doc/gcc-4.9/README.Bugs --enable-languages=c,c++,java,go,d,fortran,objc,obj-c++ --prefix=/usr --program-suffix=-4.9 --enable-shared --enable-linker-build-id --libexecdir=/usr/lib --without-included-gettext --enable-threads=posix --with-gxx-include-dir=/usr/include/c++/4.9 --libdir=/usr/lib --enable-nls --with-sysroot=/ --enable-clocale=gnu --enable-libstdcxx-debug --enable-libstdcxx-time=yes --enable-gnu-unique-object --disable-vtable-verify --enable-plugin --with-system-zlib --disable-browser-plugin --enable-java-awt=gtk --enable-gtk-cairo --with-java-home=/usr/lib/jvm/java-1.5.0-gcj-4.9-amd64/jre --enable-java-home --with-jvm-root-dir=/usr/lib/jvm/java-1.5.0-gcj-4.9-amd64 --with-jvm-jar-dir=/usr/lib/jvm-exports/java-1.5.0-gcj-4.9-amd64 --with-arch-directory=amd64 --with-ecj-jar=/usr/share/java/eclipse-ecj.jar --enable-objc-gc --enable-multiarch --disable-werror --with-arch-32=i686 --with-abi=m64 --with-multilib-list=m32,m64,mx32 --enable-multilib --with-tune=generic --enable-checking=release --build=x86_64-linux-gnu --host=x86_64-linux-gnu --target=x86_64-linux-gnu
Thread model: posix
gcc version 4.9.2 (Ubuntu 4.9.2-10ubuntu13) 
configure:2899: $? = 0
configure:2888: g++ -V >&5
g++: error: unrecognized command line option '-V'
g++: fatal error: no input files
compilation terminated.
configure:2899: $? = 4
configure:2888: g++ -qversion >&5
g++: error: unrecognized command line option '-qversion'
g++: fatal error: no input files
compilation terminated.
configure:2899: $? = 4
configure:2919: checking whether the C++ compiler works
configure:2941: g++  -std=c++0x   conftest.cpp  >&5
configure:2945: $? = 0
configure:2993: result: yes
configure:2996: checking for C++ compiler default output file name
configure:2998: result: a.out
configure:3004: checking for suffix of executables
configure:3011: g++ -o conftest  -std=c++0x   conftest.cpp  >&5
configure:3015: $? = 0
configure:3037: result: 
configure:3059: checking whether we are cross compiling
configure:3067: g++ -o conftest  -std=c++0x   conftest.cpp  >&5
configure:3071: $? = 0
configure:3078: ./conftest
configure:3082: $? = 0
configure:3097: result: no
configure:3102: checking for suffix of object files
configure:3124: g++ -c  -std=c++0x  conftest.cpp >&5
configure:3128: $? = 0
configure:3149: result: o
configure:3153: checking whether we are using the GNU C++ compiler
configure:3172: g++ -c  -std=c++0x  conftest.cpp >&5
configure:3172: $? = 0
configure:3181: result: yes
configure:3190: checking whether g++ accepts -g
configure:3210: g++ -c -g  conftest.cpp >&5
configure:3210: $? = 0
configure:3251: result: yes
configure:3285: checking for style of include used by make
configure:3313: result: GNU
configure:3339: checking dependency style of g++
configure:3450: result: gcc3
configure:3525: checking build system type
configure:3539: result: x86_64-unknown-linux-gnu
configure:3559: checking host system type
configure:3572: result: x86_64-unknown-linux-gnu
configure:3613: checking how to print strings
configure:3640: result: printf
configure:3709: checking for gcc
configure:3725: found /usr/bin/gcc
configure:3736: result: gcc
configure:3965: checking for C compiler version
configure:3974: gcc --version >&5
gcc (Ubuntu 4.9.2-10ubuntu13) 4.9.2
Copyright (C) 2014 Free Software Foundation, Inc.
This is free software; see the source for copying conditions.  There is NO
warranty; not even for MERCHANTABILITY or FITNESS FOR A PARTICULAR PURPOSE.

configure:3985: $? = 0
configure:3974: gcc -v >&5
Using built-in specs.
COLLECT_GCC=gcc
COLLECT_LTO_WRAPPER=/usr/lib/gcc/x86_64-linux-gnu/4.9/lto-wrapper
Target: x86_64-linux-gnu
Configured with: ../src/configure -v --with-pkgversion='Ubuntu 4.9.2-10ubuntu13' --with-bugurl=file:///usr/share/doc/gcc-4.9/README.Bugs --enable-languages=c,c++,java,go,d,fortran,objc,obj-c++ --prefix=/usr --program-suffix=-4.9 --enable-shared --enable-linker-build-id --libexecdir=/usr/lib --without-included-gettext --enable-threads=posix --with-gxx-include-dir=/usr/include/c++/4.9 --libdir=/usr/lib --enable-nls --with-sysroot=/ --enable-clocale=gnu --enable-libstdcxx-debug --enable-libstdcxx-time=yes --enable-gnu-unique-object --disable-vtable-verify --enable-plugin --with-system-zlib --disable-browser-plugin --enable-java-awt=gtk --enable-gtk-cairo --with-java-home=/usr/lib/jvm/java-1.5.0-gcj-4.9-amd64/jre --enable-java-home --with-jvm-root-dir=/usr/lib/jvm/java-1.5.0-gcj-4.9-amd64 --with-jvm-jar-dir=/usr/lib/jvm-exports/java-1.5.0-gcj-4.9-amd64 --with-arch-directory=amd64 --with-ecj-jar=/usr/share/java/eclipse-ecj.jar --enable-objc-gc --enable-multiarch --disable-werror --with-arch-32=i686 --with-abi=m64 --with-multilib-list=m32,m64,mx32 --enable-multilib --with-tune=generic --enable-checking=release --build=x86_64-linux-gnu --host=x86_64-linux-gnu --target=x86_64-linux-gnu
Thread model: posix
gcc version 4.9.2 (Ubuntu 4.9.2-10ubuntu13) 
configure:3985: $? = 0
configure:3974: gcc -V >&5
gcc: error: unrecognized command line option '-V'
gcc: fatal error: no input files
compilation terminated.
configure:3985: $? = 4
configure:3974: gcc -qversion >&5
gcc: error: unrecognized command line option '-qversion'
gcc: fatal error: no input files
compilation terminated.
configure:3985: $? = 4
configure:3989: checking whether we are using the GNU C compiler
configure:4008: gcc -c   conftest.c >&5
configure:4008: $? = 0
configure:4017: result: yes
configure:4026: checking whether gcc accepts -g
configure:4046: gcc -c -g  conftest.c >&5
configure:4046: $? = 0
configure:4087: result: yes
configure:4104: checking for gcc option to accept ISO C89
configure:4168: gcc  -c -g -O2  conftest.c >&5
configure:4168: $? = 0
configure:4181: result: none needed
configure:4203: checking dependency style of gcc
configure:4314: result: gcc3
configure:4329: checking for a sed that does not truncate output
configure:4393: result: /bin/sed
configure:4411: checking for grep that handles long lines and -e
configure:4469: result: /bin/grep
configure:4474: checking for egrep
configure:4536: result: /bin/grep -E
configure:4541: checking for fgrep
configure:4603: result: /bin/grep -F
configure:4638: checking for ld used by gcc
configure:4705: result: /usr/bin/ld
configure:4712: checking if the linker (/usr/bin/ld) is GNU ld
configure:4727: result: yes
configure:4739: checking for BSD- or MS-compatible name lister (nm)
configure:4788: result: /usr/bin/nm -B
configure:4918: checking the name lister (/usr/bin/nm -B) interface
configure:4925: gcc -c -g -O2  conftest.c >&5
configure:4928: /usr/bin/nm -B "conftest.o"
configure:4931: output
0000000000000000 B some_variable
configure:4938: result: BSD nm
configure:4941: checking whether ln -s works
configure:4945: result: yes
configure:4953: checking the maximum length of command line arguments
configure:5083: result: 1572864
configure:5100: checking whether the shell understands some XSI constructs
configure:5110: result: yes
configure:5114: checking whether the shell understands "+="
configure:5120: result: yes
configure:5155: checking how to convert x86_64-unknown-linux-gnu file names to x86_64-unknown-linux-gnu format
configure:5195: result: func_convert_file_noop
configure:5202: checking how to convert x86_64-unknown-linux-gnu file names to toolchain format
configure:5222: result: func_convert_file_noop
configure:5229: checking for /usr/bin/ld option to reload object files
configure:5236: result: -r
configure:5310: checking for objdump
configure:5326: found /usr/bin/objdump
configure:5337: result: objdump
configure:5369: checking how to recognize dependent libraries
configure:5571: result: pass_all
configure:5656: checking for dlltool
configure:5686: result: no
configure:5716: checking how to associate runtime and link libraries
configure:5743: result: printf %s\n
configure:5804: checking for ar
configure:5820: found /usr/bin/ar
configure:5831: result: ar
configure:5868: checking for archiver @FILE support
configure:5885: gcc -c -g -O2  conftest.c >&5
configure:5885: $? = 0
configure:5888: ar cru libconftest.a @conftest.lst >&5
configure:5891: $? = 0
configure:5896: ar cru libconftest.a @conftest.lst >&5
ar: conftest.o: No such file or directory
configure:5899: $? = 1
configure:5911: result: @
configure:5969: checking for strip
configure:5985: found /usr/bin/strip
configure:5996: result: strip
configure:6068: checking for ranlib
configure:6084: found /usr/bin/ranlib
configure:6095: result: ranlib
configure:6197: checking command to parse /usr/bin/nm -B output from gcc object
configure:6317: gcc -c -g -O2  conftest.c >&5
configure:6320: $? = 0
configure:6324: /usr/bin/nm -B conftest.o \| sed -n -e 's/^.*[ ]\([ABCDGIRSTW][ABCDGIRSTW]*\)[ ][ ]*\([_A-Za-z][_A-Za-z0-9]*\)$/\1 \2 \2/p' | sed '/ __gnu_lto/d' \> conftest.nm
configure:6327: $? = 0
configure:6393: gcc -o conftest -g -O2   conftest.c conftstm.o >&5
configure:6396: $? = 0
configure:6434: result: ok
configure:6471: checking for sysroot
configure:6501: result: no
configure:6578: gcc -c -g -O2  conftest.c >&5
configure:6581: $? = 0
configure:6757: checking for mt
configure:6773: found /bin/mt
configure:6784: result: mt
configure:6807: checking if mt is a manifest tool
configure:6813: mt '-?'
configure:6821: result: no
configure:7463: checking how to run the C preprocessor
configure:7494: gcc -E  conftest.c
configure:7494: $? = 0
configure:7508: gcc -E  conftest.c
conftest.c:11:28: fatal error: ac_nonexistent.h: No such file or directory
 #include <ac_nonexistent.h>
                            ^
compilation terminated.
configure:7508: $? = 1
configure: failed program was:
| /* confdefs.h */
| #define PACKAGE_NAME "OpenFst"
| #define PACKAGE_TARNAME "openfst"
| #define PACKAGE_VERSION "1.4.1"
| #define PACKAGE_STRING "OpenFst 1.4.1"
| #define PACKAGE_BUGREPORT "help@www.openfst.org"
| #define PACKAGE_URL ""
| #define PACKAGE "openfst"
| #define VERSION "1.4.1"
| /* end confdefs.h.  */
| #include <ac_nonexistent.h>
configure:7533: result: gcc -E
configure:7553: gcc -E  conftest.c
configure:7553: $? = 0
configure:7567: gcc -E  conftest.c
conftest.c:11:28: fatal error: ac_nonexistent.h: No such file or directory
 #include <ac_nonexistent.h>
                            ^
compilation terminated.
configure:7567: $? = 1
configure: failed program was:
| /* confdefs.h */
| #define PACKAGE_NAME "OpenFst"
| #define PACKAGE_TARNAME "openfst"
| #define PACKAGE_VERSION "1.4.1"
| #define PACKAGE_STRING "OpenFst 1.4.1"
| #define PACKAGE_BUGREPORT "help@www.openfst.org"
| #define PACKAGE_URL ""
| #define PACKAGE "openfst"
| #define VERSION "1.4.1"
| /* end confdefs.h.  */
| #include <ac_nonexistent.h>
configure:7596: checking for ANSI C header files
configure:7616: gcc -c -g -O2  conftest.c >&5
configure:7616: $? = 0
configure:7689: gcc -o conftest -g -O2   conftest.c  >&5
configure:7689: $? = 0
configure:7689: ./conftest
configure:7689: $? = 0
configure:7700: result: yes
configure:7713: checking for sys/types.h
configure:7713: gcc -c -g -O2  conftest.c >&5
configure:7713: $? = 0
configure:7713: result: yes
configure:7713: checking for sys/stat.h
configure:7713: gcc -c -g -O2  conftest.c >&5
configure:7713: $? = 0
configure:7713: result: yes
configure:7713: checking for stdlib.h
configure:7713: gcc -c -g -O2  conftest.c >&5
configure:7713: $? = 0
configure:7713: result: yes
configure:7713: checking for string.h
configure:7713: gcc -c -g -O2  conftest.c >&5
configure:7713: $? = 0
configure:7713: result: yes
configure:7713: checking for memory.h
configure:7713: gcc -c -g -O2  conftest.c >&5
configure:7713: $? = 0
configure:7713: result: yes
configure:7713: checking for strings.h
configure:7713: gcc -c -g -O2  conftest.c >&5
configure:7713: $? = 0
configure:7713: result: yes
configure:7713: checking for inttypes.h
configure:7713: gcc -c -g -O2  conftest.c >&5
configure:7713: $? = 0
configure:7713: result: yes
configure:7713: checking for stdint.h
configure:7713: gcc -c -g -O2  conftest.c >&5
configure:7713: $? = 0
configure:7713: result: yes
configure:7713: checking for unistd.h
configure:7713: gcc -c -g -O2  conftest.c >&5
configure:7713: $? = 0
configure:7713: result: yes
configure:7727: checking for dlfcn.h
configure:7727: gcc -c -g -O2  conftest.c >&5
configure:7727: $? = 0
configure:7727: result: yes
configure:7914: checking for objdir
configure:7929: result: .libs
configure:8200: checking if gcc supports -fno-rtti -fno-exceptions
configure:8218: gcc -c -g -O2  -fno-rtti -fno-exceptions conftest.c >&5
cc1: warning: command line option '-fno-rtti' is valid for C++/ObjC++ but not for C
configure:8222: $? = 0
configure:8235: result: no
configure:8562: checking for gcc option to produce PIC
configure:8569: result: -fPIC -DPIC
configure:8577: checking if gcc PIC flag -fPIC -DPIC works
configure:8595: gcc -c -g -O2  -fPIC -DPIC -DPIC conftest.c >&5
configure:8599: $? = 0
configure:8612: result: yes
configure:8641: checking if gcc static flag -static works
configure:8669: result: yes
configure:8684: checking if gcc supports -c -o file.o
configure:8705: gcc -c -g -O2  -o out/conftest2.o conftest.c >&5
configure:8709: $? = 0
configure:8731: result: yes
configure:8739: checking if gcc supports -c -o file.o
configure:8786: result: yes
configure:8819: checking whether the gcc linker (/usr/bin/ld -m elf_x86_64) supports shared libraries
configure:9976: result: yes
configure:10013: checking whether -lc should be explicitly linked in
configure:10021: gcc -c -g -O2  conftest.c >&5
configure:10024: $? = 0
configure:10039: gcc -shared  -fPIC -DPIC conftest.o  -v -Wl,-soname -Wl,conftest -o conftest 2\>\&1 \| /bin/grep  -lc  \>/dev/null 2\>\&1
configure:10042: $? = 0
configure:10056: result: no
configure:10216: checking dynamic linker characteristics
configure:10727: gcc -o conftest -g -O2   -Wl,-rpath -Wl,/foo conftest.c  >&5
configure:10727: $? = 0
configure:10961: result: GNU/Linux ld.so
configure:11068: checking how to hardcode library paths into programs
configure:11093: result: immediate
configure:11633: checking whether stripping libraries is possible
configure:11638: result: yes
configure:11673: checking if libtool supports shared libraries
configure:11675: result: yes
configure:11678: checking whether to build shared libraries
configure:11699: result: yes
configure:11702: checking whether to build static libraries
configure:11706: result: no
configure:11729: checking how to run the C++ preprocessor
configure:11756: g++ -E  conftest.cpp
configure:11756: $? = 0
configure:11770: g++ -E  conftest.cpp
conftest.cpp:23:28: fatal error: ac_nonexistent.h: No such file or directory
 #include <ac_nonexistent.h>
                            ^
compilation terminated.
configure:11770: $? = 1
configure: failed program was:
| /* confdefs.h */
| #define PACKAGE_NAME "OpenFst"
| #define PACKAGE_TARNAME "openfst"
| #define PACKAGE_VERSION "1.4.1"
| #define PACKAGE_STRING "OpenFst 1.4.1"
| #define PACKAGE_BUGREPORT "help@www.openfst.org"
| #define PACKAGE_URL ""
| #define PACKAGE "openfst"
| #define VERSION "1.4.1"
| #define STDC_HEADERS 1
| #define HAVE_SYS_TYPES_H 1
| #define HAVE_SYS_STAT_H 1
| #define HAVE_STDLIB_H 1
| #define HAVE_STRING_H 1
| #define HAVE_MEMORY_H 1
| #define HAVE_STRINGS_H 1
| #define HAVE_INTTYPES_H 1
| #define HAVE_STDINT_H 1
| #define HAVE_UNISTD_H 1
| #define HAVE_DLFCN_H 1
| #define LT_OBJDIR ".libs/"
| /* end confdefs.h.  */
| #include <ac_nonexistent.h>
configure:11795: result: g++ -E
configure:11815: g++ -E  conftest.cpp
configure:11815: $? = 0
configure:11829: g++ -E  conftest.cpp
conftest.cpp:23:28: fatal error: ac_nonexistent.h: No such file or directory
 #include <ac_nonexistent.h>
                            ^
compilation terminated.
configure:11829: $? = 1
configure: failed program was:
| /* confdefs.h */
| #define PACKAGE_NAME "OpenFst"
| #define PACKAGE_TARNAME "openfst"
| #define PACKAGE_VERSION "1.4.1"
| #define PACKAGE_STRING "OpenFst 1.4.1"
| #define PACKAGE_BUGREPORT "help@www.openfst.org"
| #define PACKAGE_URL ""
| #define PACKAGE "openfst"
| #define VERSION "1.4.1"
| #define STDC_HEADERS 1
| #define HAVE_SYS_TYPES_H 1
| #define HAVE_SYS_STAT_H 1
| #define HAVE_STDLIB_H 1
| #define HAVE_STRING_H 1
| #define HAVE_MEMORY_H 1
| #define HAVE_STRINGS_H 1
| #define HAVE_INTTYPES_H 1
| #define HAVE_STDINT_H 1
| #define HAVE_UNISTD_H 1
| #define HAVE_DLFCN_H 1
| #define LT_OBJDIR ".libs/"
| /* end confdefs.h.  */
| #include <ac_nonexistent.h>
configure:11998: checking for ld used by g++
configure:12065: result: /usr/bin/ld -m elf_x86_64
configure:12072: checking if the linker (/usr/bin/ld -m elf_x86_64) is GNU ld
configure:12087: result: yes
configure:12142: checking whether the g++ linker (/usr/bin/ld -m elf_x86_64) supports shared libraries
configure:13147: result: yes
configure:13183: g++ -c  -std=c++0x  conftest.cpp >&5
configure:13186: $? = 0
configure:13706: checking for g++ option to produce PIC
configure:13713: result: -fPIC -DPIC
configure:13721: checking if g++ PIC flag -fPIC -DPIC works
configure:13739: g++ -c  -std=c++0x  -fPIC -DPIC -DPIC conftest.cpp >&5
configure:13743: $? = 0
configure:13756: result: yes
configure:13779: checking if g++ static flag -static works
configure:13807: result: yes
configure:13819: checking if g++ supports -c -o file.o
configure:13840: g++ -c  -std=c++0x  -o out/conftest2.o conftest.cpp >&5
configure:13844: $? = 0
configure:13866: result: yes
configure:13871: checking if g++ supports -c -o file.o
configure:13918: result: yes
configure:13948: checking whether the g++ linker (/usr/bin/ld -m elf_x86_64) supports shared libraries
configure:13987: result: yes
configure:14128: checking dynamic linker characteristics
configure:14807: result: GNU/Linux ld.so
configure:14860: checking how to hardcode library paths into programs
configure:14885: result: immediate
configure:15269: creating ./config.status

## ---------------------- ##
## Running config.status. ##
## ---------------------- ##

This file was extended by OpenFst config.status 1.4.1, which was
generated by GNU Autoconf 2.68.  Invocation command line was

  CONFIG_FILES    = 
  CONFIG_HEADERS  = 
  CONFIG_LINKS    = 
  CONFIG_COMMANDS = 
  $ ./config.status 

on ubuntugnomepc

config.status:1185: creating Makefile
config.status:1185: creating src/Makefile
config.status:1185: creating src/include/Makefile
config.status:1185: creating src/lib/Makefile
config.status:1185: creating src/bin/Makefile
config.status:1185: creating src/test/Makefile
config.status:1185: creating src/extensions/Makefile
config.status:1185: creating src/extensions/compact/Makefile
config.status:1185: creating src/extensions/const/Makefile
config.status:1185: creating src/extensions/far/Makefile
config.status:1185: creating src/extensions/linear/Makefile
config.status:1185: creating src/extensions/lookahead/Makefile
config.status:1185: creating src/extensions/ngram/Makefile
config.status:1185: creating src/extensions/pdt/Makefile
config.status:1185: creating src/script/Makefile
config.status:1185: creating config.h
config.status:1366: config.h is unchanged
config.status:1185: creating src/include/fst/config.h
config.status:1366: src/include/fst/config.h is unchanged
config.status:1414: executing depfiles commands
config.status:1414: executing libtool commands

## ---------------- ##
## Cache variables. ##
## ---------------- ##

ac_cv_build=x86_64-unknown-linux-gnu
ac_cv_c_compiler_gnu=yes
ac_cv_cxx_compiler_gnu=yes
ac_cv_env_CCC_set=
ac_cv_env_CCC_value=
ac_cv_env_CC_set=
ac_cv_env_CC_value=
ac_cv_env_CFLAGS_set=
ac_cv_env_CFLAGS_value=
ac_cv_env_CPPFLAGS_set=
ac_cv_env_CPPFLAGS_value=
ac_cv_env_CPP_set=
ac_cv_env_CPP_value=
ac_cv_env_CXXCPP_set=
ac_cv_env_CXXCPP_value=
ac_cv_env_CXXFLAGS_set=
ac_cv_env_CXXFLAGS_value=
ac_cv_env_CXX_set=
ac_cv_env_CXX_value=
ac_cv_env_LDFLAGS_set=
ac_cv_env_LDFLAGS_value=
ac_cv_env_LIBS_set=
ac_cv_env_LIBS_value=
ac_cv_env_build_alias_set=
ac_cv_env_build_alias_value=
ac_cv_env_host_alias_set=
ac_cv_env_host_alias_value=
ac_cv_env_target_alias_set=
ac_cv_env_target_alias_value=
ac_cv_header_dlfcn_h=yes
ac_cv_header_inttypes_h=yes
ac_cv_header_memory_h=yes
ac_cv_header_stdc=yes
ac_cv_header_stdint_h=yes
ac_cv_header_stdlib_h=yes
ac_cv_header_string_h=yes
ac_cv_header_strings_h=yes
ac_cv_header_sys_stat_h=yes
ac_cv_header_sys_types_h=yes
ac_cv_header_unistd_h=yes
ac_cv_host=x86_64-unknown-linux-gnu
ac_cv_objext=o
ac_cv_path_EGREP='/bin/grep -E'
ac_cv_path_FGREP='/bin/grep -F'
ac_cv_path_GREP=/bin/grep
ac_cv_path_SED=/bin/sed
ac_cv_path_install='/usr/bin/install -c'
ac_cv_path_mkdir=/bin/mkdir
ac_cv_prog_AWK=gawk
ac_cv_prog_CPP='gcc -E'
ac_cv_prog_CXXCPP='g++ -E'
ac_cv_prog_ac_ct_AR=ar
ac_cv_prog_ac_ct_CC=gcc
ac_cv_prog_ac_ct_CXX=g++
ac_cv_prog_ac_ct_MANIFEST_TOOL=mt
ac_cv_prog_ac_ct_OBJDUMP=objdump
ac_cv_prog_ac_ct_RANLIB=ranlib
ac_cv_prog_ac_ct_STRIP=strip
ac_cv_prog_cc_c89=
ac_cv_prog_cc_g=yes
ac_cv_prog_cxx_g=yes
ac_cv_prog_make_make_set=yes
am_cv_CC_dependencies_compiler_type=gcc3
am_cv_CXX_dependencies_compiler_type=gcc3
lt_cv_ar_at_file=@
lt_cv_archive_cmds_need_lc=no
lt_cv_deplibs_check_method=pass_all
lt_cv_file_magic_cmd='$MAGIC_CMD'
lt_cv_file_magic_test_file=
lt_cv_ld_reload_flag=-r
lt_cv_nm_interface='BSD nm'
lt_cv_objdir=.libs
lt_cv_path_LD=/usr/bin/ld
lt_cv_path_LDCXX='/usr/bin/ld -m elf_x86_64'
lt_cv_path_NM='/usr/bin/nm -B'
lt_cv_path_mainfest_tool=no
lt_cv_prog_compiler_c_o=yes
lt_cv_prog_compiler_c_o_CXX=yes
lt_cv_prog_compiler_pic='-fPIC -DPIC'
lt_cv_prog_compiler_pic_CXX='-fPIC -DPIC'
lt_cv_prog_compiler_pic_works=yes
lt_cv_prog_compiler_pic_works_CXX=yes
lt_cv_prog_compiler_rtti_exceptions=no
lt_cv_prog_compiler_static_works=yes
lt_cv_prog_compiler_static_works_CXX=yes
lt_cv_prog_gnu_ld=yes
lt_cv_prog_gnu_ldcxx=yes
lt_cv_sharedlib_from_linklib_cmd='printf %s\n'
lt_cv_shlibpath_overrides_runpath=no
lt_cv_sys_global_symbol_pipe='sed -n -e '\''s/^.*[	 ]\([ABCDGIRSTW][ABCDGIRSTW]*\)[	 ][	 ]*\([_A-Za-z][_A-Za-z0-9]*\)$/\1 \2 \2/p'\'' | sed '\''/ __gnu_lto/d'\'''
lt_cv_sys_global_symbol_to_c_name_address='sed -n -e '\''s/^: \([^ ]*\)[ ]*$/  {\"\1\", (void *) 0},/p'\'' -e '\''s/^[ABCDGIRSTW]* \([^ ]*\) \([^ ]*\)$/  {"\2", (void *) \&\2},/p'\'''
lt_cv_sys_global_symbol_to_c_name_address_lib_prefix='sed -n -e '\''s/^: \([^ ]*\)[ ]*$/  {\"\1\", (void *) 0},/p'\'' -e '\''s/^[ABCDGIRSTW]* \([^ ]*\) \(lib[^ ]*\)$/  {"\2", (void *) \&\2},/p'\'' -e '\''s/^[ABCDGIRSTW]* \([^ ]*\) \([^ ]*\)$/  {"lib\2", (void *) \&\2},/p'\'''
lt_cv_sys_global_symbol_to_cdecl='sed -n -e '\''s/^T .* \(.*\)$/extern int \1();/p'\'' -e '\''s/^[ABCDGIRSTW]* .* \(.*\)$/extern char \1;/p'\'''
lt_cv_sys_max_cmd_len=1572864
lt_cv_to_host_file_cmd=func_convert_file_noop
lt_cv_to_tool_file_cmd=func_convert_file_noop

## ----------------- ##
## Output variables. ##
## ----------------- ##

ACLOCAL='${SHELL} /home/andre/projetos/phonetisaurus/openfst-1.4.1/missing --run aclocal-1.11'
AMDEPBACKSLASH='\'
AMDEP_FALSE='#'
AMDEP_TRUE=''
AMTAR='$${TAR-tar}'
AR='ar'
AUTOCONF='${SHELL} /home/andre/projetos/phonetisaurus/openfst-1.4.1/missing --run autoconf'
AUTOHEADER='${SHELL} /home/andre/projetos/phonetisaurus/openfst-1.4.1/missing --run autoheader'
AUTOMAKE='${SHELL} /home/andre/projetos/phonetisaurus/openfst-1.4.1/missing --run automake-1.11'
AWK='gawk'
CC='gcc'
CCDEPMODE='depmode=gcc3'
CFLAGS='-g -O2'
CPP='gcc -E'
CPPFLAGS=''
CXX='g++'
CXXCPP='g++ -E'
CXXDEPMODE='depmode=gcc3'
CXXFLAGS=' -std=c++0x'
CYGPATH_W='echo'
DEFS='-DHAVE_CONFIG_H'
DEPDIR='.deps'
DLLTOOL='false'
DSYMUTIL=''
DUMPBIN=''
ECHO_C=''
ECHO_N='-n'
ECHO_T=''
EGREP='/bin/grep -E'
EXEEXT=''
FGREP='/bin/grep -F'
GREP='/bin/grep'
HAVE_BIN_FALSE='#'
HAVE_BIN_TRUE=''
HAVE_COMPACT_FALSE=''
HAVE_COMPACT_TRUE='#'
HAVE_CONST_FALSE=''
HAVE_CONST_TRUE='#'
HAVE_FAR_FALSE='#'
HAVE_FAR_TRUE=''
HAVE_LINEAR_FALSE=''
HAVE_LINEAR_TRUE='#'
HAVE_LOOKAHEAD_FALSE=''
HAVE_LOOKAHEAD_TRUE='#'
HAVE_NGRAM_FALSE=''
HAVE_NGRAM_TRUE='#'
HAVE_PDT_FALSE=''
HAVE_PDT_TRUE='#'
HAVE_SCRIPT_FALSE='#'
HAVE_SCRIPT_TRUE=''
INSTALL_DATA='${INSTALL} -m 644'
INSTALL_PROGRAM='${INSTALL}'
INSTALL_SCRIPT='${INSTALL}'
INSTALL_STRIP_PROGRAM='$(install_sh) -c -s'
LD='/usr/bin/ld -m elf_x86_64'
LDFLAGS=''
LIBOBJS=''
LIBS=''
LIBTOOL='$(SHELL) $(top_builddir)/libtool'
LIPO=''
LN_S='ln -s'
LTLIBOBJS=''
MAKEINFO='${SHELL} /home/andre/projetos/phonetisaurus/openfst-1.4.1/missing --run makeinfo'
MANIFEST_TOOL=':'
MKDIR_P='/bin/mkdir -p'
NM='/usr/bin/nm -B'
NMEDIT=''
OBJDUMP='objdump'
OBJEXT='o'
OTOOL64=''
OTOOL=''
PACKAGE='openfst'
PACKAGE_BUGREPORT='help@www.openfst.org'
PACKAGE_NAME='OpenFst'
PACKAGE_STRING='OpenFst 1.4.1'
PACKAGE_TARNAME='openfst'
PACKAGE_URL=''
PACKAGE_VERSION='1.4.1'
PATH_SEPARATOR=':'
RANLIB='ranlib'
SED='/bin/sed'
SET_MAKE=''
SHELL='/bin/bash'
STRIP='strip'
VERSION='1.4.1'
ac_ct_AR='ar'
ac_ct_CC='gcc'
ac_ct_CXX='g++'
ac_ct_DUMPBIN=''
am__EXEEXT_FALSE=''
am__EXEEXT_TRUE='#'
am__fastdepCC_FALSE='#'
am__fastdepCC_TRUE=''
am__fastdepCXX_FALSE='#'
am__fastdepCXX_TRUE=''
am__include='include'
am__isrc=''
am__leading_dot='.'
am__nodep='_no'
am__quote=''
am__tar='$${TAR-tar} chof - "$$tardir"'
am__untar='$${TAR-tar} xf -'
bindir='${exec_prefix}/bin'
build='x86_64-unknown-linux-gnu'
build_alias=''
build_cpu='x86_64'
build_os='linux-gnu'
build_vendor='unknown'
datadir='${datarootdir}'
datarootdir='${prefix}/share'
docdir='${datarootdir}/doc/${PACKAGE_TARNAME}'
dvidir='${docdir}'
exec_prefix='${prefix}'
host='x86_64-unknown-linux-gnu'
host_alias=''
host_cpu='x86_64'
host_os='linux-gnu'
host_vendor='unknown'
htmldir='${docdir}'
includedir='${prefix}/include'
infodir='${datarootdir}/info'
install_sh='${SHELL} /home/andre/projetos/phonetisaurus/openfst-1.4.1/install-sh'
libdir='${exec_prefix}/lib'
libexecdir='${exec_prefix}/libexec'
libfstdir='${exec_prefix}/lib/fst'
localedir='${datarootdir}/locale'
localstatedir='${prefix}/var'
mandir='${datarootdir}/man'
mkdir_p='/bin/mkdir -p'
oldincludedir='/usr/include'
pdfdir='${docdir}'
prefix='/usr/local'
program_transform_name='s,x,x,'
psdir='${docdir}'
sbindir='${exec_prefix}/sbin'
sharedstatedir='${prefix}/com'
sysconfdir='${prefix}/etc'
target_alias=''

## ----------- ##
## confdefs.h. ##
## ----------- ##

/* confdefs.h */
#define PACKAGE_NAME "OpenFst"
#define PACKAGE_TARNAME "openfst"
#define PACKAGE_VERSION "1.4.1"
#define PACKAGE_STRING "OpenFst 1.4.1"
#define PACKAGE_BUGREPORT "help@www.openfst.org"
#define PACKAGE_URL ""
#define PACKAGE "openfst"
#define VERSION "1.4.1"
#define STDC_HEADERS 1
#define HAVE_SYS_TYPES_H 1
#define HAVE_SYS_STAT_H 1
#define HAVE_STDLIB_H 1
#define HAVE_STRING_H 1
#define HAVE_MEMORY_H 1
#define HAVE_STRINGS_H 1
#define HAVE_INTTYPES_H 1
#define HAVE_STDINT_H 1
#define HAVE_UNISTD_H 1
#define HAVE_DLFCN_H 1
#define LT_OBJDIR ".libs/"

configure: exit 0
